<?xml version="1.0" encoding="UTF-8"?>
<testsuite name="com.cacao.backgroundjobs.CronServiceApplicationTest" tests="1" skipped="0" failures="0" errors="0" timestamp="2020-02-02T18:30:31" hostname="halite" time="0.356">
  <properties/>
  <testcase name="contextLoads()" classname="com.cacao.backgroundjobs.CronServiceApplicationTest" time="0.356"/>
  <system-out><![CDATA[12:30:31.273 [Test worker] DEBUG org.springframework.test.context.BootstrapUtils - Instantiating CacheAwareContextLoaderDelegate from class [org.springframework.test.context.cache.DefaultCacheAwareContextLoaderDelegate]
12:30:31.284 [Test worker] DEBUG org.springframework.test.context.BootstrapUtils - Instantiating BootstrapContext using constructor [public org.springframework.test.context.support.DefaultBootstrapContext(java.lang.Class,org.springframework.test.context.CacheAwareContextLoaderDelegate)]
12:30:31.304 [Test worker] DEBUG org.springframework.test.context.BootstrapUtils - Instantiating TestContextBootstrapper for test class [com.cacao.backgroundjobs.CronServiceApplicationTest] from class [org.springframework.boot.test.context.SpringBootTestContextBootstrapper]
12:30:31.316 [Test worker] INFO org.springframework.boot.test.context.SpringBootTestContextBootstrapper - Neither @ContextConfiguration nor @ContextHierarchy found for test class [com.cacao.backgroundjobs.CronServiceApplicationTest], using SpringBootContextLoader
12:30:31.319 [Test worker] DEBUG org.springframework.test.context.support.AbstractContextLoader - Did not detect default resource location for test class [com.cacao.backgroundjobs.CronServiceApplicationTest]: class path resource [com/cacao/backgroundjobs/CronServiceApplicationTest-context.xml] does not exist
12:30:31.319 [Test worker] DEBUG org.springframework.test.context.support.AbstractContextLoader - Did not detect default resource location for test class [com.cacao.backgroundjobs.CronServiceApplicationTest]: class path resource [com/cacao/backgroundjobs/CronServiceApplicationTestContext.groovy] does not exist
12:30:31.320 [Test worker] INFO org.springframework.test.context.support.AbstractContextLoader - Could not detect default resource locations for test class [com.cacao.backgroundjobs.CronServiceApplicationTest]: no resource found for suffixes {-context.xml, Context.groovy}.
12:30:31.320 [Test worker] INFO org.springframework.test.context.support.AnnotationConfigContextLoaderUtils - Could not detect default configuration classes for test class [com.cacao.backgroundjobs.CronServiceApplicationTest]: CronServiceApplicationTest does not declare any static, non-private, non-final, nested classes annotated with @Configuration.
12:30:31.349 [Test worker] DEBUG org.springframework.test.context.support.ActiveProfilesUtils - Could not find an 'annotation declaring class' for annotation type [org.springframework.test.context.ActiveProfiles] and class [com.cacao.backgroundjobs.CronServiceApplicationTest]
12:30:31.392 [Test worker] DEBUG org.springframework.context.annotation.ClassPathScanningCandidateComponentProvider - Identified candidate component class: file [/Users/abhinavrastogi/mywork/multi-module-app/background-jobs/build/classes/java/main/com/cacao/backgroundjobs/CronServiceApplication.class]
12:30:31.393 [Test worker] INFO org.springframework.boot.test.context.SpringBootTestContextBootstrapper - Found @SpringBootConfiguration com.cacao.backgroundjobs.CronServiceApplication for test class com.cacao.backgroundjobs.CronServiceApplicationTest
12:30:31.450 [Test worker] DEBUG org.springframework.boot.test.context.SpringBootTestContextBootstrapper - @TestExecutionListeners is not present for class [com.cacao.backgroundjobs.CronServiceApplicationTest]: using defaults.
12:30:31.450 [Test worker] INFO org.springframework.boot.test.context.SpringBootTestContextBootstrapper - Loaded default TestExecutionListener class names from location [META-INF/spring.factories]: [org.springframework.boot.test.autoconfigure.restdocs.RestDocsTestExecutionListener, org.springframework.boot.test.autoconfigure.web.client.MockRestServiceServerResetTestExecutionListener, org.springframework.boot.test.autoconfigure.web.servlet.MockMvcPrintOnlyOnFailureTestExecutionListener, org.springframework.boot.test.autoconfigure.web.servlet.WebDriverTestExecutionListener, org.springframework.boot.test.mock.mockito.MockitoTestExecutionListener, org.springframework.boot.test.mock.mockito.ResetMocksTestExecutionListener, org.springframework.test.context.web.ServletTestExecutionListener, org.springframework.test.context.support.DirtiesContextBeforeModesTestExecutionListener, org.springframework.test.context.support.DependencyInjectionTestExecutionListener, org.springframework.test.context.support.DirtiesContextTestExecutionListener, org.springframework.test.context.transaction.TransactionalTestExecutionListener, org.springframework.test.context.jdbc.SqlScriptsTestExecutionListener, org.springframework.test.context.event.EventPublishingTestExecutionListener]
12:30:31.457 [Test worker] DEBUG org.springframework.boot.test.context.SpringBootTestContextBootstrapper - Skipping candidate TestExecutionListener [org.springframework.test.context.web.ServletTestExecutionListener] due to a missing dependency. Specify custom listener classes or make the default listener classes and their required dependencies available. Offending class: [javax/servlet/ServletContext]
12:30:31.458 [Test worker] DEBUG org.springframework.boot.test.context.SpringBootTestContextBootstrapper - Skipping candidate TestExecutionListener [org.springframework.test.context.transaction.TransactionalTestExecutionListener] due to a missing dependency. Specify custom listener classes or make the default listener classes and their required dependencies available. Offending class: [org/springframework/transaction/interceptor/TransactionAttributeSource]
12:30:31.458 [Test worker] DEBUG org.springframework.boot.test.context.SpringBootTestContextBootstrapper - Skipping candidate TestExecutionListener [org.springframework.test.context.jdbc.SqlScriptsTestExecutionListener] due to a missing dependency. Specify custom listener classes or make the default listener classes and their required dependencies available. Offending class: [org/springframework/transaction/interceptor/TransactionAttribute]
12:30:31.458 [Test worker] INFO org.springframework.boot.test.context.SpringBootTestContextBootstrapper - Using TestExecutionListeners: [org.springframework.test.context.support.DirtiesContextBeforeModesTestExecutionListener@68d90f15, org.springframework.boot.test.mock.mockito.MockitoTestExecutionListener@51331343, org.springframework.boot.test.autoconfigure.SpringBootDependencyInjectionTestExecutionListener@17705fd9, org.springframework.test.context.support.DirtiesContextTestExecutionListener@38d87249, org.springframework.test.context.event.EventPublishingTestExecutionListener@185973e0, org.springframework.boot.test.autoconfigure.restdocs.RestDocsTestExecutionListener@5139d2a3, org.springframework.boot.test.autoconfigure.web.client.MockRestServiceServerResetTestExecutionListener@44a2d1ca, org.springframework.boot.test.autoconfigure.web.servlet.MockMvcPrintOnlyOnFailureTestExecutionListener@3f13b92d, org.springframework.boot.test.autoconfigure.web.servlet.WebDriverTestExecutionListener@6c060b5c, org.springframework.boot.test.mock.mockito.ResetMocksTestExecutionListener@73b570b5]
12:30:31.460 [Test worker] DEBUG org.springframework.test.context.support.AbstractDirtiesContextTestExecutionListener - Before test class: context [DefaultTestContext@3408bbc1 testClass = CronServiceApplicationTest, testInstance = [null], testMethod = [null], testException = [null], mergedContextConfiguration = [MergedContextConfiguration@16a43d90 testClass = CronServiceApplicationTest, locations = '{}', classes = '{class com.cacao.backgroundjobs.CronServiceApplication}', contextInitializerClasses = '[]', activeProfiles = '{}', propertySourceLocations = '{}', propertySourceProperties = '{org.springframework.boot.test.context.SpringBootTestContextBootstrapper=true}', contextCustomizers = set[org.springframework.boot.test.autoconfigure.properties.PropertyMappingContextCustomizer@0, org.springframework.boot.test.autoconfigure.web.servlet.WebDriverContextCustomizerFactory$Customizer@6c41b77a, org.springframework.boot.test.context.filter.ExcludeFilterContextCustomizer@1cf47591, org.springframework.boot.test.json.DuplicateJsonObjectContextCustomizerFactory$DuplicateJsonObjectContextCustomizer@1e0f369c, org.springframework.boot.test.mock.mockito.MockitoContextCustomizer@0, org.springframework.boot.test.web.client.TestRestTemplateContextCustomizer@3866fff7], contextLoader = 'org.springframework.boot.test.context.SpringBootContextLoader', parent = [null]], attributes = map[[empty]]], class annotated with @DirtiesContext [false] with mode [null].
12:30:31.469 [Test worker] DEBUG org.springframework.test.context.support.DependencyInjectionTestExecutionListener - Performing dependency injection for test context [[DefaultTestContext@3408bbc1 testClass = CronServiceApplicationTest, testInstance = com.cacao.backgroundjobs.CronServiceApplicationTest@3f6ea17d, testMethod = [null], testException = [null], mergedContextConfiguration = [MergedContextConfiguration@16a43d90 testClass = CronServiceApplicationTest, locations = '{}', classes = '{class com.cacao.backgroundjobs.CronServiceApplication}', contextInitializerClasses = '[]', activeProfiles = '{}', propertySourceLocations = '{}', propertySourceProperties = '{org.springframework.boot.test.context.SpringBootTestContextBootstrapper=true}', contextCustomizers = set[org.springframework.boot.test.autoconfigure.properties.PropertyMappingContextCustomizer@0, org.springframework.boot.test.autoconfigure.web.servlet.WebDriverContextCustomizerFactory$Customizer@6c41b77a, org.springframework.boot.test.context.filter.ExcludeFilterContextCustomizer@1cf47591, org.springframework.boot.test.json.DuplicateJsonObjectContextCustomizerFactory$DuplicateJsonObjectContextCustomizer@1e0f369c, org.springframework.boot.test.mock.mockito.MockitoContextCustomizer@0, org.springframework.boot.test.web.client.TestRestTemplateContextCustomizer@3866fff7], contextLoader = 'org.springframework.boot.test.context.SpringBootContextLoader', parent = [null]], attributes = map[[empty]]]].
12:30:31.483 [Test worker] DEBUG org.springframework.test.context.support.TestPropertySourceUtils - Adding inlined properties to environment: {spring.jmx.enabled=false, org.springframework.boot.test.context.SpringBootTestContextBootstrapper=true, server.port=-1}

  .   ____          _            __ _ _
 /\\ / ___'_ __ _ _(_)_ __  __ _ \ \ \ \
( ( )\___ | '_ | '_| | '_ \/ _` | \ \ \ \
 \\/  ___)| |_)| | | | | || (_| |  ) ) ) )
  '  |____| .__|_| |_|_| |_\__, | / / / /
 =========|_|==============|___/=/_/_/_/
 :: Spring Boot ::        (v2.2.2.RELEASE)

2020-02-02 12:30:31.640  INFO 489 --- [    Test worker] c.c.b.CronServiceApplicationTest         : Starting CronServiceApplicationTest on halite with PID 489 (started by abhinavrastogi in /Users/abhinavrastogi/mywork/multi-module-app/background-jobs)
2020-02-02 12:30:31.641  INFO 489 --- [    Test worker] c.c.b.CronServiceApplicationTest         : No active profile set, falling back to default profiles: default
2020-02-02 12:30:31.954  INFO 489 --- [    Test worker] o.s.s.c.ThreadPoolTaskScheduler          : Initializing ExecutorService 'taskScheduler'
2020-02-02 12:30:31.965  INFO 489 --- [   scheduling-1] com.cacao.backgroundjobs.CronService     : The time is now 12:30:31
2020-02-02 12:30:31.970  INFO 489 --- [    Test worker] c.c.b.CronServiceApplicationTest         : Started CronServiceApplicationTest in 0.484 seconds (JVM running for 1.275)
]]></system-out>
  <system-err><![CDATA[]]></system-err>
</testsuite>
